<?xml version="1.0" encoding="UTF-8"?>
<coverage generated="1615840741048" clover="3.2.0">
  <project timestamp="1615840741048" name="All files">
    <metrics statements="17" coveredstatements="15" conditionals="10" coveredconditionals="5" methods="3" coveredmethods="3" elements="30" coveredelements="23" complexity="0" loc="17" ncloc="17" packages="1" files="1" classes="1"/>
    <file name="calculator.ts" path="/home/skarman/projects/cdk-vs-serverless-framework/serverless-framework/src/calculator.ts">
      <metrics statements="17" coveredstatements="15" conditionals="10" coveredconditionals="5" methods="3" coveredmethods="3"/>
      <line num="2" count="1" type="stmt"/>
      <line num="3" count="1" type="stmt"/>
      <line num="5" count="1" type="stmt"/>
      <line num="6" count="1" type="cond" truecount="1" falsecount="1"/>
      <line num="7" count="1" type="stmt"/>
      <line num="14" count="1" type="stmt"/>
      <line num="16" count="1" type="stmt"/>
      <line num="17" count="1" type="stmt"/>
      <line num="19" count="1" type="stmt"/>
      <line num="20" count="1" type="stmt"/>
      <line num="21" count="1" type="stmt"/>
      <line num="22" count="1" type="stmt"/>
      <line num="33" count="1" type="stmt"/>
      <line num="38" count="1" type="stmt"/>
      <line num="39" count="1" type="stmt"/>
      <line num="44" count="0" type="stmt"/>
      <line num="45" count="0" type="stmt"/>
    </file>
  </project>
</coverage>
