{"/home/skarman/projects/cdk-vs-serverless-framework/serverless-framework/src/calculator.ts": {"path":"/home/skarman/projects/cdk-vs-serverless-framework/serverless-framework/src/calculator.ts","statementMap":{"0":{"start":{"line":2,"column":0},"end":{"line":2,"column":43}},"1":{"start":{"line":3,"column":0},"end":{"line":3,"column":33}},"2":{"start":{"line":5,"column":14},"end":{"line":12,"column":1}},"3":{"start":{"line":6,"column":30},"end":{"line":6,"column":58}},"4":{"start":{"line":7,"column":2},"end":{"line":11,"column":null}},"5":{"start":{"line":14,"column":23},"end":{"line":53,"column":2}},"6":{"start":{"line":14,"column":57},"end":{"line":53,"column":2}},"7":{"start":{"line":16,"column":4},"end":{"line":16,"column":60}},"8":{"start":{"line":17,"column":10},"end":{"line":17,"column":35}},"9":{"start":{"line":19,"column":10},"end":{"line":19,"column":48}},"10":{"start":{"line":20,"column":4},"end":{"line":20,"column":90}},"11":{"start":{"line":21,"column":10},"end":{"line":21,"column":68}},"12":{"start":{"line":22,"column":20},"end":{"line":31,"column":null}},"13":{"start":{"line":22,"column":10},"end":{"line":31,"column":null}},"14":{"start":{"line":33,"column":10},"end":{"line":37,"column":6}},"15":{"start":{"line":38,"column":4},"end":{"line":38,"column":79}},"16":{"start":{"line":39,"column":4},"end":{"line":42,"column":6}},"17":{"start":{"line":44,"column":4},"end":{"line":44,"column":98}},"18":{"start":{"line":45,"column":4},"end":{"line":51,"column":null}},"19":{"start":{"line":14,"column":13},"end":{"line":14,"column":23}}},"fnMap":{"0":{"name":"(anonymous_13)","decl":{"start":{"line":5,"column":14},"end":{"line":5,"column":15}},"loc":{"start":{"line":5,"column":42},"end":{"line":12,"column":1}}},"1":{"name":"(anonymous_14)","decl":{"start":{"line":14,"column":23},"end":{"line":14,"column":30}},"loc":{"start":{"line":14,"column":57},"end":{"line":53,"column":2}}},"2":{"name":"(anonymous_15)","decl":{"start":{"line":14,"column":57},"end":{"line":14,"column":null}},"loc":{"start":{"line":14,"column":57},"end":{"line":53,"column":2}}}},"branchMap":{"0":{"loc":{"start":{"line":6,"column":30},"end":{"line":6,"column":52}},"type":"binary-expr","locations":[{"start":{"line":6,"column":30},"end":{"line":6,"column":52}},{"start":{"line":6,"column":56},"end":{"line":6,"column":58}}]},"1":{"loc":{"start":{"line":8,"column":50},"end":{"line":8,"column":67}},"type":"cond-expr","locations":[{"start":{"line":8,"column":50},"end":{"line":8,"column":67}},{"start":{"line":8,"column":70},"end":{"line":8,"column":79}}]},"2":{"loc":{"start":{"line":9,"column":57},"end":{"line":9,"column":67}},"type":"cond-expr","locations":[{"start":{"line":9,"column":57},"end":{"line":9,"column":67}},{"start":{"line":9,"column":70},"end":{"line":9,"column":75}}]},"3":{"loc":{"start":{"line":10,"column":58},"end":{"line":10,"column":79}},"type":"cond-expr","locations":[{"start":{"line":10,"column":58},"end":{"line":10,"column":79}},{"start":{"line":10,"column":82},"end":{"line":10,"column":83}}]},"4":{"loc":{"start":{"line":27,"column":55},"end":{"line":27,"column":72}},"type":"cond-expr","locations":[{"start":{"line":27,"column":55},"end":{"line":27,"column":72}},{"start":{"line":27,"column":75},"end":{"line":27,"column":91}}]}},"s":{"0":1,"1":1,"2":1,"3":1,"4":1,"5":1,"6":1,"7":1,"8":1,"9":1,"10":1,"11":1,"12":1,"13":1,"14":1,"15":1,"16":1,"17":0,"18":0,"19":1},"f":{"0":1,"1":1,"2":1},"b":{"0":[1,0],"1":[0,1],"2":[0,1],"3":[1,0],"4":[0,1]}}
}
